1715956190135	geckodriver	INFO	Listening on 127.0.0.1:59007
1715956193212	mozrunner::runner	INFO	Running command: "C:\\Program Files\\Mozilla Firefox\\firefox.exe" "--marionette" "--remote-debugging-port" "59008" "--remote-allow-hosts" "localhost" "-no-remote" "-profile" "C:\\Users\\hp\\AppData\\Local\\Temp\\rust_mozprofilep6wS9n"
console.warn: services.settings: Ignoring preference override of remote settings server
console.warn: services.settings: Allow by setting MOZ_REMOTE_SETTINGS_DEVTOOLS=1 in the environment
Dynamically enable window occlusion 0
1715956193624	Marionette	INFO	Marionette enabled
1715956193737	Marionette	INFO	Listening on port 59017
WebDriver BiDi listening on ws://127.0.0.1:59008
Read port: 59017
1715956194222	RemoteAgent	WARN	TLS certificate errors will be ignored for this session
DevTools listening on ws://127.0.0.1:59008/devtools/browser/f0f1e2cb-ec88-4fea-96b3-ca8305fe369e
JavaScript warning: https://www.techlistic.com/beardeddragon/wyvern.js?cb=125, line 38: unreachable code after return statement
JavaScript error: https://www.techlistic.com/beardeddragon/iguana.js?cb=363, line 2: ReferenceError: ReportingObserver is not defined
1715956203316	Marionette	WARN	Ignoring event 'DOMContentLoaded' because document has an invalid readyState of 'complete'.
JavaScript error: https://www.techlistic.com/p/selenium-practice-form.html line 1 > injectedScript, line 1: ReferenceError: BLOG_CMT_createIframe is not defined
JavaScript error: https://www.techlistic.com/ezossp/https/resources.blogblog.com/blogblog/data/res/2809677405-indie_compiled.js?screx=1&sxcb=1a, line 25: uncaught exception: AssertionError: Assertion failed: goog.dom.insertSiblingBefore expects non-null arguments
JavaScript error: https://www.techlistic.com/ezossp/https/resources.blogblog.com/blogblog/data/res/2809677405-indie_compiled.js?screx=1&sxcb=1a, line 85: uncaught exception: AssertionError: Assertion failed: goog.dom.insertSiblingBefore expects non-null arguments
1715956205786	Marionette	WARN	Ignoring event 'pageshow' because document has an invalid readyState of 'uninitialized'.
JavaScript warning: https://pagead2.googlesyndication.com/bg/hvZ7gG4hmM1jbzQWIr9-kxGv0AS6oua7rFIkWi0W2Qc.js line 2 > eval line 454 > eval line 1 > eval line 1 > eval, line 1: WEBGL_debug_renderer_info is deprecated in Firefox and will be removed. Please use RENDERER.
1715956223424	Marionette	INFO	Stopped listening on port 59017
JavaScript warning: https://www.techlistic.com/beardeddragon/wyvern.js?cb=125, line 21: Script terminated by timeout at:
listenForUserActivity_/<@https://www.techlistic.com/beardeddragon/wyvern.js?cb=125:21:26490

Dynamically enable window occlusion 1
1715956225430	addons.xpi	ERROR	System addon update list error Error: Failed downloading XML, status: 0, channelStatus: 2152071198, errorCode: 2, reason: error
console.error: (new Error("Polling for changes failed: NetworkError: Network request failed.", "resource://services-settings/remote-settings.sys.mjs", 324))
console.error: Region.sys.mjs: "Error fetching region" (new TypeError("NetworkError when attempting to fetch resource.", ""))
console.error: Region.sys.mjs: "Failed to fetch region" (new Error("NO_RESULT", "resource://gre/modules/Region.sys.mjs", 411))
