1715953945884	geckodriver	INFO	Listening on 127.0.0.1:62507
1715953948997	mozrunner::runner	INFO	Running command: "C:\\Program Files\\Mozilla Firefox\\firefox.exe" "--marionette" "--remote-debugging-port" "62508" "--remote-allow-hosts" "localhost" "-no-remote" "-profile" "C:\\Users\\hp\\AppData\\Local\\Temp\\rust_mozprofile1Wlmfr"
console.warn: services.settings: Ignoring preference override of remote settings server
console.warn: services.settings: Allow by setting MOZ_REMOTE_SETTINGS_DEVTOOLS=1 in the environment
Dynamically enable window occlusion 0
1715953949884	Marionette	INFO	Marionette enabled
1715953950149	Marionette	INFO	Listening on port 62518
WebDriver BiDi listening on ws://127.0.0.1:62508
Read port: 62518
1715953950617	RemoteAgent	WARN	TLS certificate errors will be ignored for this session
DevTools listening on ws://127.0.0.1:62508/devtools/browser/648f8a80-78fc-4bc2-a96a-caf3e110c037
JavaScript warning: https://www.techlistic.com/beardeddragon/wyvern.js?cb=125, line 38: unreachable code after return statement
1715953960846	Marionette	WARN	Ignoring event 'DOMContentLoaded' because document has an invalid readyState of 'complete'.
JavaScript error: https://www.techlistic.com/beardeddragon/iguana.js?cb=363, line 2: ReferenceError: ReportingObserver is not defined
JavaScript error: , line 0: AbortError: The fetching process for the media resource was aborted by the user agent at the user's request.
1715953967083	Marionette	WARN	Ignoring event 'pageshow' because document has an invalid readyState of 'uninitialized'.
JavaScript error: https://www.techlistic.com/ezossp/https/resources.blogblog.com/blogblog/data/res/2809677405-indie_compiled.js?screx=1&sxcb=1a, line 85: uncaught exception: AssertionError: Assertion failed: goog.dom.insertSiblingBefore expects non-null arguments
JavaScript error: https://www.techlistic.com/ezossp/https/resources.blogblog.com/blogblog/data/res/2809677405-indie_compiled.js?screx=1&sxcb=1a, line 25: uncaught exception: AssertionError: Assertion failed: goog.dom.insertSiblingBefore expects non-null arguments
JavaScript warning: https://pagead2.googlesyndication.com/bg/hvZ7gG4hmM1jbzQWIr9-kxGv0AS6oua7rFIkWi0W2Qc.js line 2 > eval line 6940 > eval line 1 > eval line 1 > eval, line 1: WEBGL_debug_renderer_info is deprecated in Firefox and will be removed. Please use RENDERER.
1715953980055	addons.xpi	ERROR	System addon update list error SyntaxError: XMLHttpRequest.open: 'http://%(server)s/dummy-system-addons.xml' is not a valid URL.
1715953992605	Marionette	INFO	Stopped listening on port 62518
JavaScript warning: https://www.techlistic.com/beardeddragon/wyvern.js?cb=125, line 12: Script terminated by timeout at:
requestAnimationFrame/t<@https://www.techlistic.com/beardeddragon/wyvern.js?cb=125:12:28153

JavaScript warning: https://www.blogger.com/_/scs/mss-static/_/js/k=boq-blogger.BloggerCommentUi.en.Bb3yS0TcZwI.es5.O/am=IjDQMQ/d=1/excm=_b,_tp,commentformiframeview/ed=1/dg=0/wt=2/ujg=1/rs=AEy-KP2EA_QZ5xVBJNvQQQoB3iR4ciWH9A/m=_b,_tp, line 243: Script terminated by timeout at:
c@https://www.blogger.com/_/scs/mss-static/_/js/k=boq-blogger.BloggerCommentUi.en.Bb3yS0TcZwI.es5.O/am=IjDQMQ/d=1/excm=_b,_tp,commentformiframeview/ed=1/dg=0/wt=2/ujg=1/rs=AEy-KP2EA_QZ5xVBJNvQQQoB3iR4ciWH9A/m=_b,_tp:243:187

Dynamically enable window occlusion 1
