1715957234752	geckodriver	INFO	Listening on 127.0.0.1:60598
1715957237834	mozrunner::runner	INFO	Running command: "C:\\Program Files\\Mozilla Firefox\\firefox.exe" "--marionette" "--remote-debugging-port" "60599" "--remote-allow-hosts" "localhost" "-no-remote" "-profile" "C:\\Users\\hp\\AppData\\Local\\Temp\\rust_mozprofilenfhyPA"
console.warn: services.settings: Ignoring preference override of remote settings server
console.warn: services.settings: Allow by setting MOZ_REMOTE_SETTINGS_DEVTOOLS=1 in the environment
Dynamically enable window occlusion 0
1715957238272	Marionette	INFO	Marionette enabled
1715957238377	Marionette	INFO	Listening on port 60608
WebDriver BiDi listening on ws://127.0.0.1:60599
Read port: 60608
1715957238646	RemoteAgent	WARN	TLS certificate errors will be ignored for this session
DevTools listening on ws://127.0.0.1:60599/devtools/browser/0259655b-8dc3-4566-916d-d8e2489c5e3a
JavaScript warning: https://www.techlistic.com/beardeddragon/wyvern.js?cb=125, line 38: unreachable code after return statement
1715957245413	Marionette	WARN	Ignoring event 'DOMContentLoaded' because document has an invalid readyState of 'complete'.
JavaScript error: https://www.techlistic.com/beardeddragon/iguana.js?cb=363, line 2: ReferenceError: ReportingObserver is not defined
JavaScript error: https://www.techlistic.com/p/selenium-practice-form.html line 1 > injectedScript, line 1: ReferenceError: BLOG_CMT_createIframe is not defined
JavaScript error: https://www.techlistic.com/ezossp/https/resources.blogblog.com/blogblog/data/res/2809677405-indie_compiled.js?screx=1&sxcb=1a, line 85: uncaught exception: AssertionError: Assertion failed: goog.dom.insertSiblingBefore expects non-null arguments
1715957250324	Marionette	WARN	Ignoring event 'pageshow' because document has an invalid readyState of 'uninitialized'.
1715957268456	addons.xpi	ERROR	System addon update list error SyntaxError: XMLHttpRequest.open: 'http://%(server)s/dummy-system-addons.xml' is not a valid URL.
JavaScript error: https://www.techlistic.com/ezossp/https/resources.blogblog.com/blogblog/data/res/2809677405-indie_compiled.js?screx=1&sxcb=1a, line 25: uncaught exception: AssertionError: Assertion failed: goog.dom.insertSiblingBefore expects non-null arguments
JavaScript warning: https://pagead2.googlesyndication.com/bg/hvZ7gG4hmM1jbzQWIr9-kxGv0AS6oua7rFIkWi0W2Qc.js line 2 > eval line 3670 > eval line 1 > eval line 1 > eval, line 1: WEBGL_debug_renderer_info is deprecated in Firefox and will be removed. Please use RENDERER.
JavaScript warning: https://www.techlistic.com/tardisrocinante/vitals.js?gcb=30&cb=4, line 1: Script terminated by timeout at:
y/<@https://www.techlistic.com/tardisrocinante/vitals.js?gcb=30&cb=4:1:2338
t@https://www.techlistic.com/tardisrocinante/vitals.js?gcb=30&cb=4:1:2199

1715957276781	Marionette	INFO	Stopped listening on port 60608
Dynamically enable window occlusion 1
