1715955849711	geckodriver	INFO	Listening on 127.0.0.1:58298
1715955852792	mozrunner::runner	INFO	Running command: "C:\\Program Files\\Mozilla Firefox\\firefox.exe" "--marionette" "--remote-debugging-port" "58299" "--remote-allow-hosts" "localhost" "-no-remote" "-profile" "C:\\Users\\hp\\AppData\\Local\\Temp\\rust_mozprofilenOLWuq"
console.warn: services.settings: Ignoring preference override of remote settings server
console.warn: services.settings: Allow by setting MOZ_REMOTE_SETTINGS_DEVTOOLS=1 in the environment
Dynamically enable window occlusion 0
1715955853122	Marionette	INFO	Marionette enabled
1715955853201	Marionette	INFO	Listening on port 58311
WebDriver BiDi listening on ws://127.0.0.1:58299
Read port: 58311
1715955853396	RemoteAgent	WARN	TLS certificate errors will be ignored for this session
DevTools listening on ws://127.0.0.1:58299/devtools/browser/8dcf5939-30b2-4250-9c8f-287a7d0c3a1f
JavaScript warning: https://www.techlistic.com/beardeddragon/wyvern.js?cb=125, line 38: unreachable code after return statement
1715955858677	Marionette	WARN	Ignoring event 'DOMContentLoaded' because document has an invalid readyState of 'complete'.
JavaScript error: https://www.techlistic.com/beardeddragon/iguana.js?cb=363, line 2: ReferenceError: ReportingObserver is not defined
JavaScript error: https://www.techlistic.com/p/selenium-practice-form.html line 1 > injectedScript, line 1: ReferenceError: BLOG_CMT_createIframe is not defined
JavaScript error: https://www.techlistic.com/ezossp/https/resources.blogblog.com/blogblog/data/res/2809677405-indie_compiled.js?screx=1&sxcb=1a, line 85: uncaught exception: AssertionError: Assertion failed: goog.dom.insertSiblingBefore expects non-null arguments
1715955863741	Marionette	WARN	Ignoring event 'pageshow' because document has an invalid readyState of 'uninitialized'.
JavaScript error: https://www.techlistic.com/ezossp/https/resources.blogblog.com/blogblog/data/res/2809677405-indie_compiled.js?screx=1&sxcb=1a, line 25: uncaught exception: AssertionError: Assertion failed: goog.dom.insertSiblingBefore expects non-null arguments
JavaScript warning: https://pagead2.googlesyndication.com/bg/hvZ7gG4hmM1jbzQWIr9-kxGv0AS6oua7rFIkWi0W2Qc.js line 2 > eval line 700 > eval line 1 > eval line 1 > eval, line 1: WEBGL_debug_renderer_info is deprecated in Firefox and will be removed. Please use RENDERER.
1715955883394	addons.xpi	ERROR	System addon update list error SyntaxError: XMLHttpRequest.open: 'http://%(server)s/dummy-system-addons.xml' is not a valid URL.
JavaScript error: https://www.techlistic.com/ezossp/https/resources.blogblog.com/blogblog/data/res/2809677405-indie_compiled.js?screx=1&sxcb=1a, line 25: uncaught exception: AssertionError: Assertion failed: goog.dom.insertSiblingBefore expects non-null arguments
JavaScript error: https://www.techlistic.com/ezossp/https/resources.blogblog.com/blogblog/data/res/2809677405-indie_compiled.js?screx=1&sxcb=1a, line 25: uncaught exception: AssertionError: Assertion failed: goog.dom.insertSiblingBefore expects non-null arguments
JavaScript error: https://www.techlistic.com/ezossp/https/resources.blogblog.com/blogblog/data/res/2809677405-indie_compiled.js?screx=1&sxcb=1a, line 25: uncaught exception: AssertionError: Assertion failed: goog.dom.insertSiblingBefore expects non-null arguments
JavaScript error: https://www.techlistic.com/ezossp/https/resources.blogblog.com/blogblog/data/res/2809677405-indie_compiled.js?screx=1&sxcb=1a, line 25: uncaught exception: AssertionError: Assertion failed: goog.dom.insertSiblingBefore expects non-null arguments
JavaScript warning: https://www.techlistic.com/tardisrocinante/vitals.js?gcb=30&cb=4, line 1: Script terminated by timeout at:
y/<@https://www.techlistic.com/tardisrocinante/vitals.js?gcb=30&cb=4:1:2338
t@https://www.techlistic.com/tardisrocinante/vitals.js?gcb=30&cb=4:1:2199

1715956195614	Marionette	INFO	Stopped listening on port 58311
Dynamically enable window occlusion 1
