1715882689364	geckodriver	INFO	Listening on 127.0.0.1:61089
1715882692425	mozrunner::runner	INFO	Running command: "C:\\Program Files\\Mozilla Firefox\\firefox.exe" "--marionette" "--remote-debugging-port" "61090" "--remote-allow-hosts" "localhost" "-no-remote" "-profile" "C:\\Users\\hp\\AppData\\Local\\Temp\\rust_mozprofileeeMXmW"
console.warn: services.settings: Ignoring preference override of remote settings server
console.warn: services.settings: Allow by setting MOZ_REMOTE_SETTINGS_DEVTOOLS=1 in the environment
Dynamically enable window occlusion 0
1715882693036	Marionette	INFO	Marionette enabled
1715882693183	Marionette	INFO	Listening on port 61099
WebDriver BiDi listening on ws://127.0.0.1:61090
Read port: 61099
1715882693470	RemoteAgent	WARN	TLS certificate errors will be ignored for this session
DevTools listening on ws://127.0.0.1:61090/devtools/browser/1c17a666-458d-4e5b-9d9e-891397096ba2
JavaScript warning: https://static.cloudflareinsights.com/beacon.min.js/vedd3670a3b1c4e178fdfb0cc912d969e1713874337387, line 1: Script terminated by timeout at:
104/T/<@https://static.cloudflareinsights.com/beacon.min.js/vedd3670a3b1c4e178fdfb0cc912d969e1713874337387:1:10887
t@https://static.cloudflareinsights.com/beacon.min.js/vedd3670a3b1c4e178fdfb0cc912d969e1713874337387:1:10748

1715882723016	Marionette	INFO	Stopped listening on port 61099
Dynamically enable window occlusion 1
1715882723142	addons.xpi	ERROR	System addon update list error Error: Failed downloading XML, status: 0, channelStatus: 2152071198, errorCode: 2, reason: error
console.error: (new Error("Polling for changes failed: NetworkError: Network request failed.", "resource://services-settings/remote-settings.sys.mjs", 324))
console.error: Region.sys.mjs: "Error fetching region" (new TypeError("NetworkError when attempting to fetch resource.", "resource://gre/modules/Region.sys.mjs", 738))
console.error: Region.sys.mjs: "Failed to fetch region" (new Error("NO_RESULT", "resource://gre/modules/Region.sys.mjs", 411))
