1715882216391	geckodriver	INFO	Listening on 127.0.0.1:60933
1715882219473	mozrunner::runner	INFO	Running command: "C:\\Program Files\\Mozilla Firefox\\firefox.exe" "--marionette" "--remote-debugging-port" "60934" "--remote-allow-hosts" "localhost" "-no-remote" "-profile" "C:\\Users\\hp\\AppData\\Local\\Temp\\rust_mozprofileGURteE"
console.warn: services.settings: Ignoring preference override of remote settings server
console.warn: services.settings: Allow by setting MOZ_REMOTE_SETTINGS_DEVTOOLS=1 in the environment
Dynamically enable window occlusion 0
1715882219807	Marionette	INFO	Marionette enabled
1715882219884	Marionette	INFO	Listening on port 60941
WebDriver BiDi listening on ws://127.0.0.1:60934
Read port: 60941
1715882220076	RemoteAgent	WARN	TLS certificate errors will be ignored for this session
DevTools listening on ws://127.0.0.1:60934/devtools/browser/94cf0956-f41f-43d1-a636-69177f47f796
console.warn: LoginRecipes: "Falling back to a synchronous message for: https://demo.nopcommerce.com."
console.warn: LoginRecipes: "Falling back to a synchronous message for: https://demo.nopcommerce.com."
1715882249982	addons.xpi	ERROR	System addon update list error SyntaxError: XMLHttpRequest.open: 'http://%(server)s/dummy-system-addons.xml' is not a valid URL.
JavaScript error: , line 0: NS_ERROR_NOT_AVAILABLE
JavaScript warning: https://static.cloudflareinsights.com/beacon.min.js/vedd3670a3b1c4e178fdfb0cc912d969e1713874337387, line 1: Script terminated by timeout at:
104/T/<@https://static.cloudflareinsights.com/beacon.min.js/vedd3670a3b1c4e178fdfb0cc912d969e1713874337387:1:10887
t@https://static.cloudflareinsights.com/beacon.min.js/vedd3670a3b1c4e178fdfb0cc912d969e1713874337387:1:10748

1715886363579	Marionette	INFO	Stopped listening on port 60941
Dynamically enable window occlusion 1
